2021-03-15 11:28:47.131( /cubecompany/www/shop/settle/pay_encryptParams.php : Line 52 ) : [PAYMENT20210315112846][SHA256 HASHING] Plain Text[nxca_jt_ilcardPAYMENT20210315112846202103151128469260ST1009281328226982205] ---> Cipher Text[eae949458b5549588906314cf91254655c57b821612eddd2b9ce9449da68c774]
2021-03-15 11:28:47.132( /cubecompany/www/shop/settle/pay_encryptParams.php : Line 70 ) : [PAYMENT20210315112846][AES256 Encrypt] trdAmt[9260] ---> [yWsBAQhUEL2rBEUZ6cuwiA==]
2021-03-15 11:28:47.133( /cubecompany/www/shop/settle/pay_encryptParams.php : Line 70 ) : [PAYMENT20210315112846][AES256 Encrypt] mchtCustNm[man1] ---> [1JeES0v07e5Kf1DJlcYLSw==]
2021-03-15 11:28:47.133( /cubecompany/www/shop/settle/pay_encryptParams.php : Line 70 ) : [PAYMENT20210315112846][AES256 Encrypt] cphoneNo[010-0000-0000] ---> [5P5zG+5PEaHFq4ivhijtGw==]
2021-03-15 11:28:47.134( /cubecompany/www/shop/settle/pay_encryptParams.php : Line 70 ) : [PAYMENT20210315112846][AES256 Encrypt] email[dd@dd2.com] ---> [4VknKElhcIVY0NTrhuyBDg==]
2021-03-15 11:28:47.134( /cubecompany/www/shop/settle/pay_encryptParams.php : Line 70 ) : [PAYMENT20210315112846][AES256 Encrypt] mchtCustId[man1] ---> [1JeES0v07e5Kf1DJlcYLSw==]
2021-03-15 11:28:47.134( /cubecompany/www/shop/settle/pay_encryptParams.php : Line 70 ) : [PAYMENT20210315112846][AES256 Encrypt] taxAmt[8418] ---> [8kf05vlgZ9nADXwh1HVouA==]
2021-03-15 11:28:47.135( /cubecompany/www/shop/settle/pay_encryptParams.php : Line 70 ) : [PAYMENT20210315112846][AES256 Encrypt] vatAmt[842] ---> [nmyhOpJ1q7+BIn7Xg4FlPw==]
2021-03-15 11:28:47.135( /cubecompany/www/shop/settle/pay_encryptParams.php : Line 70 ) : [PAYMENT20210315112846][AES256 Encrypt] taxFreeAmt[0] ---> [nC96eNdyLYohKfNqmBV2bg==]
2021-03-15 13:12:37.774( /cubecompany/www/shop/settle/pay_encryptParams.php : Line 52 ) : [PAYMENT20210315131237][SHA256 HASHING] Plain Text[nxca_jt_ilcardPAYMENT20210315131237202103151312371000ST1009281328226982205] ---> Cipher Text[3c3e9ab3afbe2535b15ff7d80ced645f0f8dd78d4e120c2e8997b47c4ed4054e]
2021-03-15 13:12:37.775( /cubecompany/www/shop/settle/pay_encryptParams.php : Line 70 ) : [PAYMENT20210315131237][AES256 Encrypt] trdAmt[1000] ---> [AntV/eDpxIaKF0hJiePDKA==]
2021-03-15 13:12:37.776( /cubecompany/www/shop/settle/pay_encryptParams.php : Line 70 ) : [PAYMENT20210315131237][AES256 Encrypt] mchtCustNm[김성민] ---> [63JbT1fH0elilxeCY7qq5g==]
2021-03-15 13:12:37.777( /cubecompany/www/shop/settle/pay_encryptParams.php : Line 70 ) : [PAYMENT20210315131237][AES256 Encrypt] cphoneNo[010-5552-9995] ---> [iVB3RjjXTT9A9oaXPIIKWw==]
2021-03-15 13:12:37.778( /cubecompany/www/shop/settle/pay_encryptParams.php : Line 70 ) : [PAYMENT20210315131237][AES256 Encrypt] email[himomohi@naver.com] ---> [FxtHoWimz5zveGbMHaA8L4C0qnb6c/QpdCXgef7K00c=]
2021-03-15 13:12:37.779( /cubecompany/www/shop/settle/pay_encryptParams.php : Line 70 ) : [PAYMENT20210315131237][AES256 Encrypt] mchtCustId[appcaster] ---> [XG32S97B70C2NsI+T1SCDA==]
2021-03-15 13:12:37.779( /cubecompany/www/shop/settle/pay_encryptParams.php : Line 70 ) : [PAYMENT20210315131237][AES256 Encrypt] taxAmt[909] ---> [hhLEfQJentk9HNypmJLwbg==]
2021-03-15 13:12:37.780( /cubecompany/www/shop/settle/pay_encryptParams.php : Line 70 ) : [PAYMENT20210315131237][AES256 Encrypt] vatAmt[91] ---> [VnNLfWcCzvpVr7jknaOhdg==]
2021-03-15 13:12:37.781( /cubecompany/www/shop/settle/pay_encryptParams.php : Line 70 ) : [PAYMENT20210315131237][AES256 Encrypt] taxFreeAmt[0] ---> [nC96eNdyLYohKfNqmBV2bg==]
2021-03-15 13:14:01.850( /cubecompany/www/shop/settle/pay_receiveResult.php : Line 60 ) : [PAYMENT20210315131237][AES256 Decrypt] mchtCustId[XG32S97B70C2NsI+T1SCDA==] ---> [appcaster]
2021-03-15 13:14:01.850( /cubecompany/www/shop/settle/pay_receiveResult.php : Line 60 ) : [PAYMENT20210315131237][AES256 Decrypt] trdAmt[AntV/eDpxIaKF0hJiePDKA==] ---> [1000]
2021-03-15 13:14:01.851( /cubecompany/www/shop/settle/pay_receiveResult.php : Line 60 ) : [PAYMENT20210315131237][AES256 Decrypt] cardTrdAmt[AntV/eDpxIaKF0hJiePDKA==] ---> [1000]
2021-03-15 13:14:01.851( /cubecompany/www/shop/settle/pay_receiveResult.php : Line 75 ) : [PAYMENT20210315131237][Response Data] mchtId(nxca_jt_il) outStatCd(0021) outRsltCd(0000) outRsltMsg(정상처리되었습니다) method(card) mchtTrdNo(PAYMENT20210315131237) mchtCustId(appcaster) trdNo(STFP_PGCAnxca_jt_il0210315131239M1445646) trdAmt(1000) mchtParam(21031513111339) authDt(20210315131354) authNo(08355004) intMon(00) fnNm(하나카드) fnCd(HNC) pointTrdNo() pointTrdAmt() RtNowDiscountAmt() AlacDiscountAmt() cardTrdAmt(1000) vAcntNo() expireDt() cphoneNo() billkey() 
