2021-03-06 11:15:28.299( /cubecompany/www/shop/settle/pay_encryptParams.php : Line 52 ) : [PAYMENT20210306111523][SHA256 HASHING] Plain Text[nxca_jt_ilcardPAYMENT20210306111523202103061115235000ST1009281328226982205] ---> Cipher Text[69e7518fec18314a6a0f6a5df1889ca22121d6f386ba36e3480c2dd1a923b4a0]
2021-03-06 11:15:28.300( /cubecompany/www/shop/settle/pay_encryptParams.php : Line 70 ) : [PAYMENT20210306111523][AES256 Encrypt] trdAmt[5000] ---> [tn9WoAL/HaPf+NKFjza//g==]
2021-03-06 11:15:28.300( /cubecompany/www/shop/settle/pay_encryptParams.php : Line 70 ) : [PAYMENT20210306111523][AES256 Encrypt] mchtCustNm[man1] ---> [1JeES0v07e5Kf1DJlcYLSw==]
2021-03-06 11:15:28.301( /cubecompany/www/shop/settle/pay_encryptParams.php : Line 70 ) : [PAYMENT20210306111523][AES256 Encrypt] cphoneNo[010-0000-0000] ---> [5P5zG+5PEaHFq4ivhijtGw==]
2021-03-06 11:15:28.301( /cubecompany/www/shop/settle/pay_encryptParams.php : Line 70 ) : [PAYMENT20210306111523][AES256 Encrypt] email[dd@dd2.com] ---> [4VknKElhcIVY0NTrhuyBDg==]
2021-03-06 11:15:28.302( /cubecompany/www/shop/settle/pay_encryptParams.php : Line 70 ) : [PAYMENT20210306111523][AES256 Encrypt] mchtCustId[man1] ---> [1JeES0v07e5Kf1DJlcYLSw==]
2021-03-06 11:25:08.130( /cubecompany/www/shop/settle/pay_encryptParams.php : Line 52 ) : [PAYMENT20210306112503][SHA256 HASHING] Plain Text[nxca_jt_ilcardPAYMENT20210306112503202103061125037500ST1009281328226982205] ---> Cipher Text[e26bfd06af3b8bbdbaba6a3caa440bfa4a8dfd7afb2d4b00c4df927f03f75442]
2021-03-06 11:25:08.131( /cubecompany/www/shop/settle/pay_encryptParams.php : Line 70 ) : [PAYMENT20210306112503][AES256 Encrypt] trdAmt[7500] ---> [zVuIeO1xdZkN1MTPisTsWw==]
2021-03-06 11:25:08.132( /cubecompany/www/shop/settle/pay_encryptParams.php : Line 70 ) : [PAYMENT20210306112503][AES256 Encrypt] mchtCustNm[관리자] ---> [WecHFhI20jNhsKwySsNWKg==]
2021-03-06 11:25:08.133( /cubecompany/www/shop/settle/pay_encryptParams.php : Line 70 ) : [PAYMENT20210306112503][AES256 Encrypt] cphoneNo[01079798580] ---> [oVGgh0dLYzoOKMAKcA+RVA==]
2021-03-06 11:25:08.133( /cubecompany/www/shop/settle/pay_encryptParams.php : Line 70 ) : [PAYMENT20210306112503][AES256 Encrypt] email[aaa@aaa.com] ---> [uZ+Np/gRvuTybjB8DJuntg==]
2021-03-06 11:25:08.134( /cubecompany/www/shop/settle/pay_encryptParams.php : Line 70 ) : [PAYMENT20210306112503][AES256 Encrypt] mchtCustId[admin] ---> [WUzOaFKAnrrC866EhikA5A==]
2021-03-06 11:25:21.675( /cubecompany/www/shop/settle/pay_encryptParams.php : Line 52 ) : [PAYMENT20210306112518][SHA256 HASHING] Plain Text[nxca_jt_ilcardPAYMENT20210306112518202103061125187500ST1009281328226982205] ---> Cipher Text[64a7a8d363130fcda71e0747213bf2fa5e9286ca5fc5959c42d655dae59d2c49]
2021-03-06 11:25:21.676( /cubecompany/www/shop/settle/pay_encryptParams.php : Line 70 ) : [PAYMENT20210306112518][AES256 Encrypt] trdAmt[7500] ---> [zVuIeO1xdZkN1MTPisTsWw==]
2021-03-06 11:25:21.677( /cubecompany/www/shop/settle/pay_encryptParams.php : Line 70 ) : [PAYMENT20210306112518][AES256 Encrypt] mchtCustNm[관리자] ---> [WecHFhI20jNhsKwySsNWKg==]
2021-03-06 11:25:21.677( /cubecompany/www/shop/settle/pay_encryptParams.php : Line 70 ) : [PAYMENT20210306112518][AES256 Encrypt] cphoneNo[01079798580] ---> [oVGgh0dLYzoOKMAKcA+RVA==]
2021-03-06 11:25:21.678( /cubecompany/www/shop/settle/pay_encryptParams.php : Line 70 ) : [PAYMENT20210306112518][AES256 Encrypt] email[aaa@aaa.com] ---> [uZ+Np/gRvuTybjB8DJuntg==]
2021-03-06 11:25:21.678( /cubecompany/www/shop/settle/pay_encryptParams.php : Line 70 ) : [PAYMENT20210306112518][AES256 Encrypt] mchtCustId[admin] ---> [WUzOaFKAnrrC866EhikA5A==]
2021-03-06 11:25:58.198( /cubecompany/www/shop/settle/pay_encryptParams.php : Line 52 ) : [PAYMENT20210306112555][SHA256 HASHING] Plain Text[nxca_jt_ilbankPAYMENT20210306112555202103061125557500ST1009281328226982205] ---> Cipher Text[3a4fd450945448d55a26dfa47d6636059c31c81bc0c164e88388edd7ff7d6cde]
2021-03-06 11:25:58.199( /cubecompany/www/shop/settle/pay_encryptParams.php : Line 70 ) : [PAYMENT20210306112555][AES256 Encrypt] trdAmt[7500] ---> [zVuIeO1xdZkN1MTPisTsWw==]
2021-03-06 11:25:58.200( /cubecompany/www/shop/settle/pay_encryptParams.php : Line 70 ) : [PAYMENT20210306112555][AES256 Encrypt] mchtCustNm[관리자] ---> [WecHFhI20jNhsKwySsNWKg==]
2021-03-06 11:25:58.200( /cubecompany/www/shop/settle/pay_encryptParams.php : Line 70 ) : [PAYMENT20210306112555][AES256 Encrypt] cphoneNo[01079798580] ---> [oVGgh0dLYzoOKMAKcA+RVA==]
2021-03-06 11:25:58.201( /cubecompany/www/shop/settle/pay_encryptParams.php : Line 70 ) : [PAYMENT20210306112555][AES256 Encrypt] email[aaa@aaa.com] ---> [uZ+Np/gRvuTybjB8DJuntg==]
2021-03-06 11:25:58.202( /cubecompany/www/shop/settle/pay_encryptParams.php : Line 70 ) : [PAYMENT20210306112555][AES256 Encrypt] mchtCustId[admin] ---> [WUzOaFKAnrrC866EhikA5A==]
2021-03-06 11:50:04.169( /cubecompany/www/shop/settle/pay_encryptParams.php : Line 52 ) : [PAYMENT20210306115000][SHA256 HASHING] Plain Text[nxca_jt_ilcardPAYMENT20210306115000202103061150007500ST1009281328226982205] ---> Cipher Text[48eb42344a2ab9381f3545dd9ac9cd31484709f7301e650e2b8bbf440054a463]
2021-03-06 11:50:04.170( /cubecompany/www/shop/settle/pay_encryptParams.php : Line 70 ) : [PAYMENT20210306115000][AES256 Encrypt] trdAmt[7500] ---> [zVuIeO1xdZkN1MTPisTsWw==]
2021-03-06 11:50:04.171( /cubecompany/www/shop/settle/pay_encryptParams.php : Line 70 ) : [PAYMENT20210306115000][AES256 Encrypt] mchtCustNm[관리자] ---> [WecHFhI20jNhsKwySsNWKg==]
2021-03-06 11:50:04.171( /cubecompany/www/shop/settle/pay_encryptParams.php : Line 70 ) : [PAYMENT20210306115000][AES256 Encrypt] cphoneNo[01079798580] ---> [oVGgh0dLYzoOKMAKcA+RVA==]
2021-03-06 11:50:04.172( /cubecompany/www/shop/settle/pay_encryptParams.php : Line 70 ) : [PAYMENT20210306115000][AES256 Encrypt] email[aaa@aaa.com] ---> [uZ+Np/gRvuTybjB8DJuntg==]
2021-03-06 11:50:04.172( /cubecompany/www/shop/settle/pay_encryptParams.php : Line 70 ) : [PAYMENT20210306115000][AES256 Encrypt] mchtCustId[admin] ---> [WUzOaFKAnrrC866EhikA5A==]
2021-03-06 11:50:55.384( /cubecompany/www/shop/settle/pay_receiveResult.php : Line 60 ) : [PAYMENT20210306115000][AES256 Decrypt] mchtCustId[WUzOaFKAnrrC866EhikA5A==] ---> [admin]
2021-03-06 11:50:55.385( /cubecompany/www/shop/settle/pay_receiveResult.php : Line 60 ) : [PAYMENT20210306115000][AES256 Decrypt] trdAmt[zVuIeO1xdZkN1MTPisTsWw==] ---> [7500]
2021-03-06 11:50:55.386( /cubecompany/www/shop/settle/pay_receiveResult.php : Line 60 ) : [PAYMENT20210306115000][AES256 Decrypt] cardTrdAmt[zVuIeO1xdZkN1MTPisTsWw==] ---> [7500]
2021-03-06 11:50:55.387( /cubecompany/www/shop/settle/pay_receiveResult.php : Line 75 ) : [PAYMENT20210306115000][Response Data] mchtId(nxca_jt_il) outStatCd(0021) outRsltCd(0000) outRsltMsg(정상처리되었습니다) method(card) mchtTrdNo(PAYMENT20210306115000) mchtCustId(admin) trdNo(STFP_PGCAnxca_jt_il0210306115004M1379683) trdAmt(7500) mchtParam(21030611495632) authDt(20210306115050) authNo(27050814) intMon(00) fnNm(현대카드) fnCd(HDC) pointTrdNo() pointTrdAmt() RtNowDiscountAmt() AlacDiscountAmt() cardTrdAmt(7500) vAcntNo() expireDt() cphoneNo() billkey() 
2021-03-06 11:52:01.545( /cubecompany/www/shop/settle/pay_encryptParams.php : Line 52 ) : [PAYMENT20210306115158][SHA256 HASHING] Plain Text[nxca_jt_ilcardPAYMENT20210306115158202103061151587500ST1009281328226982205] ---> Cipher Text[6027a2545395340e7654b149a51d82d9259f0a1ef8d68ec4c428c8430e909abe]
2021-03-06 11:52:01.546( /cubecompany/www/shop/settle/pay_encryptParams.php : Line 70 ) : [PAYMENT20210306115158][AES256 Encrypt] trdAmt[7500] ---> [zVuIeO1xdZkN1MTPisTsWw==]
2021-03-06 11:52:01.546( /cubecompany/www/shop/settle/pay_encryptParams.php : Line 70 ) : [PAYMENT20210306115158][AES256 Encrypt] mchtCustNm[관리자] ---> [WecHFhI20jNhsKwySsNWKg==]
2021-03-06 11:52:01.547( /cubecompany/www/shop/settle/pay_encryptParams.php : Line 70 ) : [PAYMENT20210306115158][AES256 Encrypt] cphoneNo[01079798580] ---> [oVGgh0dLYzoOKMAKcA+RVA==]
2021-03-06 11:52:01.547( /cubecompany/www/shop/settle/pay_encryptParams.php : Line 70 ) : [PAYMENT20210306115158][AES256 Encrypt] email[aaa@aaa.com] ---> [uZ+Np/gRvuTybjB8DJuntg==]
2021-03-06 11:52:01.548( /cubecompany/www/shop/settle/pay_encryptParams.php : Line 70 ) : [PAYMENT20210306115158][AES256 Encrypt] mchtCustId[admin] ---> [WUzOaFKAnrrC866EhikA5A==]
2021-03-06 11:52:31.454( /cubecompany/www/shop/settle/pay_receiveResult.php : Line 60 ) : [PAYMENT20210306115158][AES256 Decrypt] mchtCustId[WUzOaFKAnrrC866EhikA5A==] ---> [admin]
2021-03-06 11:52:31.456( /cubecompany/www/shop/settle/pay_receiveResult.php : Line 60 ) : [PAYMENT20210306115158][AES256 Decrypt] trdAmt[zVuIeO1xdZkN1MTPisTsWw==] ---> [7500]
2021-03-06 11:52:31.456( /cubecompany/www/shop/settle/pay_receiveResult.php : Line 60 ) : [PAYMENT20210306115158][AES256 Decrypt] cardTrdAmt[zVuIeO1xdZkN1MTPisTsWw==] ---> [7500]
2021-03-06 11:52:31.457( /cubecompany/www/shop/settle/pay_receiveResult.php : Line 75 ) : [PAYMENT20210306115158][Response Data] mchtId(nxca_jt_il) outStatCd(0021) outRsltCd(0000) outRsltMsg(정상처리되었습니다) method(card) mchtTrdNo(PAYMENT20210306115158) mchtCustId(admin) trdNo(STFP_PGCAnxca_jt_il0210306115201M1735548) trdAmt(7500) mchtParam(21030611515421) authDt(20210306115224) authNo(27225314) intMon(00) fnNm(현대카드) fnCd(HDC) pointTrdNo() pointTrdAmt() RtNowDiscountAmt() AlacDiscountAmt() cardTrdAmt(7500) vAcntNo() expireDt() cphoneNo() billkey() 
2021-03-06 11:58:54.136( /cubecompany/www/shop/settle/pay_encryptParams.php : Line 52 ) : [PAYMENT20210306115851][SHA256 HASHING] Plain Text[nxca_jt_ilcardPAYMENT20210306115851202103061158517500ST1009281328226982205] ---> Cipher Text[88bb28c2101d70da282fba544d59032996835014e6de900d9007cc956c532320]
2021-03-06 11:58:54.137( /cubecompany/www/shop/settle/pay_encryptParams.php : Line 70 ) : [PAYMENT20210306115851][AES256 Encrypt] trdAmt[7500] ---> [zVuIeO1xdZkN1MTPisTsWw==]
2021-03-06 11:58:54.137( /cubecompany/www/shop/settle/pay_encryptParams.php : Line 70 ) : [PAYMENT20210306115851][AES256 Encrypt] mchtCustNm[관리자] ---> [WecHFhI20jNhsKwySsNWKg==]
2021-03-06 11:58:54.138( /cubecompany/www/shop/settle/pay_encryptParams.php : Line 70 ) : [PAYMENT20210306115851][AES256 Encrypt] cphoneNo[01079798580] ---> [oVGgh0dLYzoOKMAKcA+RVA==]
2021-03-06 11:58:54.139( /cubecompany/www/shop/settle/pay_encryptParams.php : Line 70 ) : [PAYMENT20210306115851][AES256 Encrypt] email[aaa@aaa.com] ---> [uZ+Np/gRvuTybjB8DJuntg==]
2021-03-06 11:58:54.140( /cubecompany/www/shop/settle/pay_encryptParams.php : Line 70 ) : [PAYMENT20210306115851][AES256 Encrypt] mchtCustId[admin] ---> [WUzOaFKAnrrC866EhikA5A==]
2021-03-06 11:59:44.531( /cubecompany/www/shop/settle/pay_receiveResult.php : Line 60 ) : [PAYMENT20210306115851][AES256 Decrypt] mchtCustId[WUzOaFKAnrrC866EhikA5A==] ---> [admin]
2021-03-06 11:59:44.532( /cubecompany/www/shop/settle/pay_receiveResult.php : Line 60 ) : [PAYMENT20210306115851][AES256 Decrypt] trdAmt[zVuIeO1xdZkN1MTPisTsWw==] ---> [7500]
2021-03-06 11:59:44.533( /cubecompany/www/shop/settle/pay_receiveResult.php : Line 60 ) : [PAYMENT20210306115851][AES256 Decrypt] cardTrdAmt[zVuIeO1xdZkN1MTPisTsWw==] ---> [7500]
2021-03-06 11:59:44.533( /cubecompany/www/shop/settle/pay_receiveResult.php : Line 75 ) : [PAYMENT20210306115851][Response Data] mchtId(nxca_jt_il) outStatCd(0021) outRsltCd(0000) outRsltMsg(정상처리되었습니다) method(card) mchtTrdNo(PAYMENT20210306115851) mchtCustId(admin) trdNo(STFP_PGCAnxca_jt_il0210306115854M1328984) trdAmt(7500) mchtParam(21030611584660) authDt(20210306115941) authNo(27941516) intMon(00) fnNm(현대카드) fnCd(HDC) pointTrdNo() pointTrdAmt() RtNowDiscountAmt() AlacDiscountAmt() cardTrdAmt(7500) vAcntNo() expireDt() cphoneNo() billkey() 
2021-03-06 13:33:11.005( /cubecompany/www/shop/settle/pay_encryptParams.php : Line 52 ) : [PAYMENT20210306133307][SHA256 HASHING] Plain Text[nxca_jt_ilcardPAYMENT20210306133307202103061333077500ST1009281328226982205] ---> Cipher Text[80a79e7ca0a79d919744498ff7784558587cd305bc137ff13c2158b73cdef8c5]
2021-03-06 13:33:11.006( /cubecompany/www/shop/settle/pay_encryptParams.php : Line 70 ) : [PAYMENT20210306133307][AES256 Encrypt] trdAmt[7500] ---> [zVuIeO1xdZkN1MTPisTsWw==]
2021-03-06 13:33:11.007( /cubecompany/www/shop/settle/pay_encryptParams.php : Line 70 ) : [PAYMENT20210306133307][AES256 Encrypt] mchtCustNm[관리자] ---> [WecHFhI20jNhsKwySsNWKg==]
2021-03-06 13:33:11.008( /cubecompany/www/shop/settle/pay_encryptParams.php : Line 70 ) : [PAYMENT20210306133307][AES256 Encrypt] cphoneNo[01079798580] ---> [oVGgh0dLYzoOKMAKcA+RVA==]
2021-03-06 13:33:11.009( /cubecompany/www/shop/settle/pay_encryptParams.php : Line 70 ) : [PAYMENT20210306133307][AES256 Encrypt] email[aaa@aaa.com] ---> [uZ+Np/gRvuTybjB8DJuntg==]
2021-03-06 13:33:11.009( /cubecompany/www/shop/settle/pay_encryptParams.php : Line 70 ) : [PAYMENT20210306133307][AES256 Encrypt] mchtCustId[admin] ---> [WUzOaFKAnrrC866EhikA5A==]
2021-03-06 13:33:11.010( /cubecompany/www/shop/settle/pay_encryptParams.php : Line 70 ) : [PAYMENT20210306133307][AES256 Encrypt] taxAmt[6818] ---> [uvXA+zpXnlCJtORMbUKrzg==]
2021-03-06 13:33:11.011( /cubecompany/www/shop/settle/pay_encryptParams.php : Line 70 ) : [PAYMENT20210306133307][AES256 Encrypt] vatAmt[682] ---> [L6+746I6y32VS2LUsuYEBA==]
2021-03-06 13:33:11.011( /cubecompany/www/shop/settle/pay_encryptParams.php : Line 70 ) : [PAYMENT20210306133307][AES256 Encrypt] taxFreeAmt[0] ---> [nC96eNdyLYohKfNqmBV2bg==]
2021-03-06 13:33:51.222( /cubecompany/www/shop/settle/pay_receiveResult.php : Line 60 ) : [PAYMENT20210306133307][AES256 Decrypt] mchtCustId[WUzOaFKAnrrC866EhikA5A==] ---> [admin]
2021-03-06 13:33:51.223( /cubecompany/www/shop/settle/pay_receiveResult.php : Line 60 ) : [PAYMENT20210306133307][AES256 Decrypt] trdAmt[zVuIeO1xdZkN1MTPisTsWw==] ---> [7500]
2021-03-06 13:33:51.223( /cubecompany/www/shop/settle/pay_receiveResult.php : Line 60 ) : [PAYMENT20210306133307][AES256 Decrypt] cardTrdAmt[zVuIeO1xdZkN1MTPisTsWw==] ---> [7500]
2021-03-06 13:33:51.224( /cubecompany/www/shop/settle/pay_receiveResult.php : Line 80 ) : [PAYMENT20210306133307][Response Data] mchtId(nxca_jt_il) outStatCd(0021) outRsltCd(0000) outRsltMsg(정상처리되었습니다) method(card) mchtTrdNo(PAYMENT20210306133307) mchtCustId(admin) trdNo(STFP_PGCAnxca_jt_il0210306133311M1223211) trdAmt(7500) mchtParam(21030613330142) authDt(20210306133347) authNo(27347702) intMon(00) fnNm(현대카드) fnCd(HDC) pointTrdNo() pointTrdAmt() RtNowDiscountAmt() AlacDiscountAmt() cardTrdAmt(7500) vAcntNo() expireDt() cphoneNo() billkey() 
2021-03-06 13:35:06.742( /cubecompany/www/shop/settle/pay_receiveResult.php : Line 60 ) : [PAYMENT20210306133307][AES256 Decrypt] mchtCustId[WUzOaFKAnrrC866EhikA5A==] ---> [admin]
2021-03-06 13:35:06.743( /cubecompany/www/shop/settle/pay_receiveResult.php : Line 60 ) : [PAYMENT20210306133307][AES256 Decrypt] trdAmt[zVuIeO1xdZkN1MTPisTsWw==] ---> [7500]
2021-03-06 13:35:06.743( /cubecompany/www/shop/settle/pay_receiveResult.php : Line 60 ) : [PAYMENT20210306133307][AES256 Decrypt] cardTrdAmt[zVuIeO1xdZkN1MTPisTsWw==] ---> [7500]
2021-03-06 13:35:06.744( /cubecompany/www/shop/settle/pay_receiveResult.php : Line 80 ) : [PAYMENT20210306133307][Response Data] mchtId(nxca_jt_il) outStatCd(0021) outRsltCd(0000) outRsltMsg(정상처리되었습니다) method(card) mchtTrdNo(PAYMENT20210306133307) mchtCustId(admin) trdNo(STFP_PGCAnxca_jt_il0210306133311M1223211) trdAmt(7500) mchtParam(21030613330142) authDt(20210306133347) authNo(27347702) intMon(00) fnNm(현대카드) fnCd(HDC) pointTrdNo() pointTrdAmt() RtNowDiscountAmt() AlacDiscountAmt() cardTrdAmt(7500) vAcntNo() expireDt() cphoneNo() billkey() 
2021-03-06 13:46:20.874( /cubecompany/www/shop/settle/pay_encryptParams.php : Line 52 ) : [PAYMENT20210306134617][SHA256 HASHING] Plain Text[nxca_jt_ilcardPAYMENT20210306134617202103061346177500ST1009281328226982205] ---> Cipher Text[b0092b772323c6a8ec19386e7385f70eddbc8f257ded727c93d49c5842c02232]
2021-03-06 13:46:20.875( /cubecompany/www/shop/settle/pay_encryptParams.php : Line 70 ) : [PAYMENT20210306134617][AES256 Encrypt] trdAmt[7500] ---> [zVuIeO1xdZkN1MTPisTsWw==]
2021-03-06 13:46:20.876( /cubecompany/www/shop/settle/pay_encryptParams.php : Line 70 ) : [PAYMENT20210306134617][AES256 Encrypt] mchtCustNm[관리자] ---> [WecHFhI20jNhsKwySsNWKg==]
2021-03-06 13:46:20.877( /cubecompany/www/shop/settle/pay_encryptParams.php : Line 70 ) : [PAYMENT20210306134617][AES256 Encrypt] cphoneNo[01079798580] ---> [oVGgh0dLYzoOKMAKcA+RVA==]
2021-03-06 13:46:20.877( /cubecompany/www/shop/settle/pay_encryptParams.php : Line 70 ) : [PAYMENT20210306134617][AES256 Encrypt] email[aaa@aaa.com] ---> [uZ+Np/gRvuTybjB8DJuntg==]
2021-03-06 13:46:20.878( /cubecompany/www/shop/settle/pay_encryptParams.php : Line 70 ) : [PAYMENT20210306134617][AES256 Encrypt] mchtCustId[admin] ---> [WUzOaFKAnrrC866EhikA5A==]
2021-03-06 13:46:20.879( /cubecompany/www/shop/settle/pay_encryptParams.php : Line 70 ) : [PAYMENT20210306134617][AES256 Encrypt] taxAmt[6818] ---> [uvXA+zpXnlCJtORMbUKrzg==]
2021-03-06 13:46:20.880( /cubecompany/www/shop/settle/pay_encryptParams.php : Line 70 ) : [PAYMENT20210306134617][AES256 Encrypt] vatAmt[682] ---> [L6+746I6y32VS2LUsuYEBA==]
2021-03-06 13:46:20.880( /cubecompany/www/shop/settle/pay_encryptParams.php : Line 70 ) : [PAYMENT20210306134617][AES256 Encrypt] taxFreeAmt[0] ---> [nC96eNdyLYohKfNqmBV2bg==]
2021-03-06 13:47:05.374( /cubecompany/www/shop/settle/pay_receiveResult.php : Line 60 ) : [PAYMENT20210306134617][AES256 Decrypt] mchtCustId[WUzOaFKAnrrC866EhikA5A==] ---> [admin]
2021-03-06 13:47:05.375( /cubecompany/www/shop/settle/pay_receiveResult.php : Line 60 ) : [PAYMENT20210306134617][AES256 Decrypt] trdAmt[zVuIeO1xdZkN1MTPisTsWw==] ---> [7500]
2021-03-06 13:47:05.375( /cubecompany/www/shop/settle/pay_receiveResult.php : Line 60 ) : [PAYMENT20210306134617][AES256 Decrypt] cardTrdAmt[zVuIeO1xdZkN1MTPisTsWw==] ---> [7500]
2021-03-06 13:47:05.376( /cubecompany/www/shop/settle/pay_receiveResult.php : Line 80 ) : [PAYMENT20210306134617][Response Data] mchtId(nxca_jt_il) outStatCd(0021) outRsltCd(0000) outRsltMsg(정상처리되었습니다) method(card) mchtTrdNo(PAYMENT20210306134617) mchtCustId(admin) trdNo(STFP_PGCAnxca_jt_il0210306134621M1062280) trdAmt(7500) mchtParam(21030613461255) authDt(20210306134658) authNo(27658529) intMon(00) fnNm(현대카드) fnCd(HDC) pointTrdNo() pointTrdAmt() RtNowDiscountAmt() AlacDiscountAmt() cardTrdAmt(7500) vAcntNo() expireDt() cphoneNo() billkey() 
2021-03-06 13:55:57.836( /cubecompany/www/shop/settle/pay_encryptParams.php : Line 52 ) : [PAYMENT20210306135554][SHA256 HASHING] Plain Text[nxca_jt_ilcardPAYMENT20210306135554202103061355547500ST1009281328226982205] ---> Cipher Text[a4ac75228ffcd4b7b10a48aef47e8d8893d73c4eb2c6fb3d31460ea1767c4b91]
2021-03-06 13:55:57.837( /cubecompany/www/shop/settle/pay_encryptParams.php : Line 70 ) : [PAYMENT20210306135554][AES256 Encrypt] trdAmt[7500] ---> [zVuIeO1xdZkN1MTPisTsWw==]
2021-03-06 13:55:57.838( /cubecompany/www/shop/settle/pay_encryptParams.php : Line 70 ) : [PAYMENT20210306135554][AES256 Encrypt] mchtCustNm[관리자] ---> [WecHFhI20jNhsKwySsNWKg==]
2021-03-06 13:55:57.839( /cubecompany/www/shop/settle/pay_encryptParams.php : Line 70 ) : [PAYMENT20210306135554][AES256 Encrypt] cphoneNo[01079798580] ---> [oVGgh0dLYzoOKMAKcA+RVA==]
2021-03-06 13:55:57.839( /cubecompany/www/shop/settle/pay_encryptParams.php : Line 70 ) : [PAYMENT20210306135554][AES256 Encrypt] email[aaa@aaa.com] ---> [uZ+Np/gRvuTybjB8DJuntg==]
2021-03-06 13:55:57.840( /cubecompany/www/shop/settle/pay_encryptParams.php : Line 70 ) : [PAYMENT20210306135554][AES256 Encrypt] mchtCustId[admin] ---> [WUzOaFKAnrrC866EhikA5A==]
2021-03-06 13:55:57.841( /cubecompany/www/shop/settle/pay_encryptParams.php : Line 70 ) : [PAYMENT20210306135554][AES256 Encrypt] taxAmt[6818] ---> [uvXA+zpXnlCJtORMbUKrzg==]
2021-03-06 13:55:57.842( /cubecompany/www/shop/settle/pay_encryptParams.php : Line 70 ) : [PAYMENT20210306135554][AES256 Encrypt] vatAmt[682] ---> [L6+746I6y32VS2LUsuYEBA==]
2021-03-06 13:55:57.843( /cubecompany/www/shop/settle/pay_encryptParams.php : Line 70 ) : [PAYMENT20210306135554][AES256 Encrypt] taxFreeAmt[0] ---> [nC96eNdyLYohKfNqmBV2bg==]
2021-03-06 13:56:27.061( /cubecompany/www/shop/settle/pay_receiveResult.php : Line 60 ) : [PAYMENT20210306135554][AES256 Decrypt] mchtCustId[WUzOaFKAnrrC866EhikA5A==] ---> [admin]
2021-03-06 13:56:27.062( /cubecompany/www/shop/settle/pay_receiveResult.php : Line 60 ) : [PAYMENT20210306135554][AES256 Decrypt] trdAmt[zVuIeO1xdZkN1MTPisTsWw==] ---> [7500]
2021-03-06 13:56:27.063( /cubecompany/www/shop/settle/pay_receiveResult.php : Line 60 ) : [PAYMENT20210306135554][AES256 Decrypt] cardTrdAmt[zVuIeO1xdZkN1MTPisTsWw==] ---> [7500]
2021-03-06 13:56:27.064( /cubecompany/www/shop/settle/pay_receiveResult.php : Line 80 ) : [PAYMENT20210306135554][Response Data] mchtId(nxca_jt_il) outStatCd(0021) outRsltCd(0000) outRsltMsg(정상처리되었습니다) method(card) mchtTrdNo(PAYMENT20210306135554) mchtCustId(admin) trdNo(STFP_PGCAnxca_jt_il0210306135558M1021813) trdAmt(7500) mchtParam(21030613554561) authDt(20210306135623) authNo(27623413) intMon(00) fnNm(현대카드) fnCd(HDC) pointTrdNo() pointTrdAmt() RtNowDiscountAmt() AlacDiscountAmt() cardTrdAmt(7500) vAcntNo() expireDt() cphoneNo() billkey() 
2021-03-06 15:20:11.386( /cubecompany/www/shop/settle/pay_encryptParams.php : Line 52 ) : [PAYMENT20210306152007][SHA256 HASHING] Plain Text[nxca_jt_ilcardPAYMENT20210306152007202103061520077500ST1009281328226982205] ---> Cipher Text[a5c31441b8df0b8b2e79a5c2a2d467f395b46911a418d0ba2dd384c101f9be19]
2021-03-06 15:20:11.387( /cubecompany/www/shop/settle/pay_encryptParams.php : Line 70 ) : [PAYMENT20210306152007][AES256 Encrypt] trdAmt[7500] ---> [zVuIeO1xdZkN1MTPisTsWw==]
2021-03-06 15:20:11.388( /cubecompany/www/shop/settle/pay_encryptParams.php : Line 70 ) : [PAYMENT20210306152007][AES256 Encrypt] mchtCustNm[관리자] ---> [WecHFhI20jNhsKwySsNWKg==]
2021-03-06 15:20:11.389( /cubecompany/www/shop/settle/pay_encryptParams.php : Line 70 ) : [PAYMENT20210306152007][AES256 Encrypt] cphoneNo[01079798580] ---> [oVGgh0dLYzoOKMAKcA+RVA==]
2021-03-06 15:20:11.389( /cubecompany/www/shop/settle/pay_encryptParams.php : Line 70 ) : [PAYMENT20210306152007][AES256 Encrypt] email[aaa@aaa.com] ---> [uZ+Np/gRvuTybjB8DJuntg==]
2021-03-06 15:20:11.390( /cubecompany/www/shop/settle/pay_encryptParams.php : Line 70 ) : [PAYMENT20210306152007][AES256 Encrypt] mchtCustId[admin] ---> [WUzOaFKAnrrC866EhikA5A==]
2021-03-06 15:20:11.391( /cubecompany/www/shop/settle/pay_encryptParams.php : Line 70 ) : [PAYMENT20210306152007][AES256 Encrypt] taxAmt[6818] ---> [uvXA+zpXnlCJtORMbUKrzg==]
2021-03-06 15:20:11.392( /cubecompany/www/shop/settle/pay_encryptParams.php : Line 70 ) : [PAYMENT20210306152007][AES256 Encrypt] vatAmt[682] ---> [L6+746I6y32VS2LUsuYEBA==]
2021-03-06 15:20:11.393( /cubecompany/www/shop/settle/pay_encryptParams.php : Line 70 ) : [PAYMENT20210306152007][AES256 Encrypt] taxFreeAmt[0] ---> [nC96eNdyLYohKfNqmBV2bg==]
2021-03-06 15:20:39.405( /cubecompany/www/shop/settle/pay_receiveResult.php : Line 60 ) : [PAYMENT20210306152007][AES256 Decrypt] mchtCustId[WUzOaFKAnrrC866EhikA5A==] ---> [admin]
2021-03-06 15:20:39.406( /cubecompany/www/shop/settle/pay_receiveResult.php : Line 60 ) : [PAYMENT20210306152007][AES256 Decrypt] trdAmt[zVuIeO1xdZkN1MTPisTsWw==] ---> [7500]
2021-03-06 15:20:39.407( /cubecompany/www/shop/settle/pay_receiveResult.php : Line 60 ) : [PAYMENT20210306152007][AES256 Decrypt] cardTrdAmt[zVuIeO1xdZkN1MTPisTsWw==] ---> [7500]
2021-03-06 15:20:39.407( /cubecompany/www/shop/settle/pay_receiveResult.php : Line 73 ) : [PAYMENT20210306152007][Response Data] mchtId(nxca_jt_il) outStatCd(0021) outRsltCd(0000) outRsltMsg(정상처리되었습니다) method(card) mchtTrdNo(PAYMENT20210306152007) mchtCustId(admin) trdNo(STFP_PGCAnxca_jt_il0210306152011M1548379) trdAmt(7500) mchtParam(21030615200366) authDt(20210306152034) authNo(27034676) intMon(00) fnNm(현대카드) fnCd(HDC) pointTrdNo() pointTrdAmt() RtNowDiscountAmt() AlacDiscountAmt() cardTrdAmt(7500) vAcntNo() expireDt() cphoneNo() billkey() 
2021-03-06 15:38:36.354( /cubecompany/www/shop/settle/pay_encryptParams.php : Line 52 ) : [PAYMENT20210306152620][SHA256 HASHING] Plain Text[nxca_jt_ilcardPAYMENT20210306152620202103061526207500ST1009281328226982205] ---> Cipher Text[2d15c590bf6677bab5a514229109d64043c212dce3a4c6d1e20fe5342db2f2d8]
2021-03-06 15:38:36.355( /cubecompany/www/shop/settle/pay_encryptParams.php : Line 70 ) : [PAYMENT20210306152620][AES256 Encrypt] trdAmt[7500] ---> [zVuIeO1xdZkN1MTPisTsWw==]
2021-03-06 15:38:36.357( /cubecompany/www/shop/settle/pay_encryptParams.php : Line 70 ) : [PAYMENT20210306152620][AES256 Encrypt] mchtCustNm[관리자] ---> [WecHFhI20jNhsKwySsNWKg==]
2021-03-06 15:38:36.357( /cubecompany/www/shop/settle/pay_encryptParams.php : Line 70 ) : [PAYMENT20210306152620][AES256 Encrypt] cphoneNo[01079798580] ---> [oVGgh0dLYzoOKMAKcA+RVA==]
2021-03-06 15:38:36.358( /cubecompany/www/shop/settle/pay_encryptParams.php : Line 70 ) : [PAYMENT20210306152620][AES256 Encrypt] email[aaa@aaa.com] ---> [uZ+Np/gRvuTybjB8DJuntg==]
2021-03-06 15:38:36.359( /cubecompany/www/shop/settle/pay_encryptParams.php : Line 70 ) : [PAYMENT20210306152620][AES256 Encrypt] mchtCustId[admin] ---> [WUzOaFKAnrrC866EhikA5A==]
2021-03-06 15:38:36.360( /cubecompany/www/shop/settle/pay_encryptParams.php : Line 70 ) : [PAYMENT20210306152620][AES256 Encrypt] taxAmt[6818] ---> [uvXA+zpXnlCJtORMbUKrzg==]
2021-03-06 15:38:36.361( /cubecompany/www/shop/settle/pay_encryptParams.php : Line 70 ) : [PAYMENT20210306152620][AES256 Encrypt] vatAmt[682] ---> [L6+746I6y32VS2LUsuYEBA==]
2021-03-06 15:38:36.361( /cubecompany/www/shop/settle/pay_encryptParams.php : Line 70 ) : [PAYMENT20210306152620][AES256 Encrypt] taxFreeAmt[0] ---> [nC96eNdyLYohKfNqmBV2bg==]
2021-03-06 15:39:15.720( /cubecompany/www/shop/settle/pay_receiveResult.php : Line 60 ) : [PAYMENT20210306152620][AES256 Decrypt] mchtCustId[WUzOaFKAnrrC866EhikA5A==] ---> [admin]
2021-03-06 15:39:15.721( /cubecompany/www/shop/settle/pay_receiveResult.php : Line 60 ) : [PAYMENT20210306152620][AES256 Decrypt] trdAmt[zVuIeO1xdZkN1MTPisTsWw==] ---> [7500]
2021-03-06 15:39:15.722( /cubecompany/www/shop/settle/pay_receiveResult.php : Line 60 ) : [PAYMENT20210306152620][AES256 Decrypt] cardTrdAmt[zVuIeO1xdZkN1MTPisTsWw==] ---> [7500]
2021-03-06 15:39:15.723( /cubecompany/www/shop/settle/pay_receiveResult.php : Line 75 ) : [PAYMENT20210306152620][Response Data] mchtId(nxca_jt_il) outStatCd(0021) outRsltCd(0000) outRsltMsg(정상처리되었습니다) method(card) mchtTrdNo(PAYMENT20210306152620) mchtCustId(admin) trdNo(STFP_PGCAnxca_jt_il0210306153836M1522838) trdAmt(7500) mchtParam(21030615200366) authDt(20210306153911) authNo(27911665) intMon(00) fnNm(현대카드) fnCd(HDC) pointTrdNo() pointTrdAmt() RtNowDiscountAmt() AlacDiscountAmt() cardTrdAmt(7500) vAcntNo() expireDt() cphoneNo() billkey() 
2021-03-06 15:56:37.869( /cubecompany/www/shop/settle/pay_encryptParams.php : Line 52 ) : [PAYMENT20210306155634][SHA256 HASHING] Plain Text[nxca_jt_ilcardPAYMENT20210306155634202103061556347500ST1009281328226982205] ---> Cipher Text[0e7bc3592ad2d4ec939094e7a95776978b13a2fd3c91e8b51df7d789b98f8560]
2021-03-06 15:56:37.870( /cubecompany/www/shop/settle/pay_encryptParams.php : Line 70 ) : [PAYMENT20210306155634][AES256 Encrypt] trdAmt[7500] ---> [zVuIeO1xdZkN1MTPisTsWw==]
2021-03-06 15:56:37.870( /cubecompany/www/shop/settle/pay_encryptParams.php : Line 70 ) : [PAYMENT20210306155634][AES256 Encrypt] mchtCustNm[관리자] ---> [WecHFhI20jNhsKwySsNWKg==]
2021-03-06 15:56:37.871( /cubecompany/www/shop/settle/pay_encryptParams.php : Line 70 ) : [PAYMENT20210306155634][AES256 Encrypt] cphoneNo[01079798580] ---> [oVGgh0dLYzoOKMAKcA+RVA==]
2021-03-06 15:56:37.872( /cubecompany/www/shop/settle/pay_encryptParams.php : Line 70 ) : [PAYMENT20210306155634][AES256 Encrypt] email[aaa@aaa.com] ---> [uZ+Np/gRvuTybjB8DJuntg==]
2021-03-06 15:56:37.872( /cubecompany/www/shop/settle/pay_encryptParams.php : Line 70 ) : [PAYMENT20210306155634][AES256 Encrypt] mchtCustId[admin] ---> [WUzOaFKAnrrC866EhikA5A==]
2021-03-06 15:56:37.873( /cubecompany/www/shop/settle/pay_encryptParams.php : Line 70 ) : [PAYMENT20210306155634][AES256 Encrypt] taxAmt[6818] ---> [uvXA+zpXnlCJtORMbUKrzg==]
2021-03-06 15:56:37.874( /cubecompany/www/shop/settle/pay_encryptParams.php : Line 70 ) : [PAYMENT20210306155634][AES256 Encrypt] vatAmt[682] ---> [L6+746I6y32VS2LUsuYEBA==]
2021-03-06 15:56:37.874( /cubecompany/www/shop/settle/pay_encryptParams.php : Line 70 ) : [PAYMENT20210306155634][AES256 Encrypt] taxFreeAmt[0] ---> [nC96eNdyLYohKfNqmBV2bg==]
2021-03-06 15:57:18.621( /cubecompany/www/shop/settle/pay_receiveResult.php : Line 75 ) : [PAYMENT20210306155634][Response Data] mchtId(nxca_jt_il) outStatCd(0031) outRsltCd(0009) outRsltMsg(사용자가 거래를 취소하였습니다.) method() mchtTrdNo(PAYMENT20210306155634) mchtCustId() trdNo() trdAmt() mchtParam(21030615562843) authDt() authNo() intMon() fnNm() fnCd() pointTrdNo() pointTrdAmt() RtNowDiscountAmt() AlacDiscountAmt() cardTrdAmt() vAcntNo() expireDt() cphoneNo() billkey() 
2021-03-06 16:13:37.520( /cubecompany/www/shop/settle/pay_encryptParams.php : Line 52 ) : [PAYMENT20210306161333][SHA256 HASHING] Plain Text[nxca_jt_ilbankPAYMENT20210306161333202103061613337500ST1009281328226982205] ---> Cipher Text[a1670c17acd517dc305cbdb13ed82e0dd9a8c34280e403eec651a050de796a92]
2021-03-06 16:13:37.521( /cubecompany/www/shop/settle/pay_encryptParams.php : Line 70 ) : [PAYMENT20210306161333][AES256 Encrypt] trdAmt[7500] ---> [zVuIeO1xdZkN1MTPisTsWw==]
2021-03-06 16:13:37.522( /cubecompany/www/shop/settle/pay_encryptParams.php : Line 70 ) : [PAYMENT20210306161333][AES256 Encrypt] mchtCustNm[관리자] ---> [WecHFhI20jNhsKwySsNWKg==]
2021-03-06 16:13:37.523( /cubecompany/www/shop/settle/pay_encryptParams.php : Line 70 ) : [PAYMENT20210306161333][AES256 Encrypt] cphoneNo[01079798580] ---> [oVGgh0dLYzoOKMAKcA+RVA==]
2021-03-06 16:13:37.524( /cubecompany/www/shop/settle/pay_encryptParams.php : Line 70 ) : [PAYMENT20210306161333][AES256 Encrypt] email[aaa@aaa.com] ---> [uZ+Np/gRvuTybjB8DJuntg==]
2021-03-06 16:13:37.525( /cubecompany/www/shop/settle/pay_encryptParams.php : Line 70 ) : [PAYMENT20210306161333][AES256 Encrypt] mchtCustId[admin] ---> [WUzOaFKAnrrC866EhikA5A==]
2021-03-06 16:13:37.525( /cubecompany/www/shop/settle/pay_encryptParams.php : Line 70 ) : [PAYMENT20210306161333][AES256 Encrypt] taxAmt[6818] ---> [uvXA+zpXnlCJtORMbUKrzg==]
2021-03-06 16:13:37.526( /cubecompany/www/shop/settle/pay_encryptParams.php : Line 70 ) : [PAYMENT20210306161333][AES256 Encrypt] vatAmt[682] ---> [L6+746I6y32VS2LUsuYEBA==]
2021-03-06 16:13:37.527( /cubecompany/www/shop/settle/pay_encryptParams.php : Line 70 ) : [PAYMENT20210306161333][AES256 Encrypt] taxFreeAmt[0] ---> [nC96eNdyLYohKfNqmBV2bg==]
