2021-03-05 15:10:49.899( /cubecompany/www/plugin/settle/pay_encryptParams.php : Line 52 ) : [PAYMENT20210305151037][SHA256 HASHING] Plain Text[nx_mid_ilcardPAYMENT20210305151037202103051510371000ST1009281328226982205] ---> Cipher Text[b9274f81226916ef1ad3124e94cd0214f8c9b4bf2a174eeba53d0489867d5fc0]
2021-03-05 15:10:49.900( /cubecompany/www/plugin/settle/pay_encryptParams.php : Line 70 ) : [PAYMENT20210305151037][AES256 Encrypt] trdAmt[1000] ---> [AntV/eDpxIaKF0hJiePDKA==]
2021-03-05 15:10:49.901( /cubecompany/www/plugin/settle/pay_encryptParams.php : Line 70 ) : [PAYMENT20210305151037][AES256 Encrypt] mchtCustNm[홍길동] ---> [M2/YpI49oqAKkAXaXmNezw==]
2021-03-05 15:10:49.901( /cubecompany/www/plugin/settle/pay_encryptParams.php : Line 70 ) : [PAYMENT20210305151037][AES256 Encrypt] email[test@test.test] ---> [dYagSD0db/K6BqwcPv8Ieg==]
2021-03-05 15:10:49.902( /cubecompany/www/plugin/settle/pay_encryptParams.php : Line 70 ) : [PAYMENT20210305151037][AES256 Encrypt] mchtCustId[HongGilDong] ---> [4BlwJh6L6mFJnDanaLsnoA==]
2021-03-05 16:22:53.249( /cubecompany/www/plugin/settle/pay_autoPayResult.php : Line 88 ) : [AUTOPAY20210305162238][SHA256 HASHING] Plain Text[20210305162238nx_mid_ilAUTOPAY202103051622381000ST1009281328226982205] ---> Cipher Text[dd62ed6186662e3ca6fd0296d8d5c133920e332971ff1a4d40e7226c00920c31]
2021-03-05 16:22:53.250( /cubecompany/www/plugin/settle/pay_autoPayResult.php : Line 106 ) : [AUTOPAY20210305162238][AES256 Encrypt] telCo[SKT] ---> [T8VHOPkeXuVzlpCmD1dBOA==]
2021-03-05 16:22:53.250( /cubecompany/www/plugin/settle/pay_autoPayResult.php : Line 106 ) : [AUTOPAY20210305162238][AES256 Encrypt] trdAmt[1000] ---> [AntV/eDpxIaKF0hJiePDKA==]
2021-03-05 16:22:53.251( /cubecompany/www/plugin/settle/settleUtils.php : Line 61 ) : [AUTOPAY20210305162238]=========================START SEND API=========================
2021-03-05 16:22:53.252( /cubecompany/www/plugin/settle/settleUtils.php : Line 68 ) : [AUTOPAY20210305162238][Send API] URL=https://tbgw.settlebank.co.kr/spay/APIService.do, Connect Timeout=5 Timeout=20
2021-03-05 16:22:53.253( /cubecompany/www/plugin/settle/settleUtils.php : Line 69 ) : [AUTOPAY20210305162238][Send Data] {"params":{"mchtId":"nx_mid_il","ver":"0A14","method":"MP","bizType":"B1","encCd":"23","mchtTrdNo":"AUTOPAY20210305162238","trdDt":"20210305","trdTm":"162238","mobileYn":"N","osType":"W"},"data":{"telCo":"T8VHOPkeXuVzlpCmD1dBOA==","email":"test@test.test","mUserId":"HongGilDong","crcCd":"KRW","trdAmt":"AntV\/eDpxIaKF0hJiePDKA==","prdtNm":"\ud14c\uc2a4\ud2b8\uc0c1\ud488","sellerNm":"\uc138\ud2c0\ubc45\ud06c","ordNm":"\ud64d\uae38\ub3d9","billKey":"","pktHash":"dd62ed6186662e3ca6fd0296d8d5c133920e332971ff1a4d40e7226c00920c31"}}
2021-03-05 16:22:53.493( /cubecompany/www/plugin/settle/settleUtils.php : Line 103 ) : [AUTOPAY20210305162238][Response Code] 200
2021-03-05 16:22:53.494( /cubecompany/www/plugin/settle/settleUtils.php : Line 106 ) : [AUTOPAY20210305162238][Response Data] {"params":{"mchtId":"nx_mid_il","ver":"0A14","method":"MP","bizType":"B1","encCd":"23","mchtTrdNo":"AUTOPAY20210305162238","trdNo":null,"trdDt":"20210305","trdTm":"162254","outStatCd":"0031","outRsltCd":"ST09","outRsltMsg":"정기결제키 값이 존재 하지 않습니다."},"data":{"pktHash":"","telCo":"T8VHOPkeXuVzlpCmD1dBOA==","trdAmt":"AntV/eDpxIaKF0hJiePDKA==","billKey":""}}
2021-03-05 16:22:53.495( /cubecompany/www/plugin/settle/settleUtils.php : Line 142 ) : [AUTOPAY20210305162238]=========================END SEND API=========================
2021-03-05 16:22:53.495( /cubecompany/www/plugin/settle/pay_autoPayResult.php : Line 184 ) : [AUTOPAY20210305162238][AES256 Decrypt] telCo[T8VHOPkeXuVzlpCmD1dBOA==] ---> [SKT]
2021-03-05 16:22:53.496( /cubecompany/www/plugin/settle/pay_autoPayResult.php : Line 184 ) : [AUTOPAY20210305162238][AES256 Decrypt] trdAmt[AntV/eDpxIaKF0hJiePDKA==] ---> [1000]
2021-03-05 16:23:09.127( /cubecompany/www/plugin/settle/pay_encryptParams.php : Line 52 ) : [PAYMENT20210305162307][SHA256 HASHING] Plain Text[nx_mid_ilcardPAYMENT20210305162307202103051623071000ST1009281328226982205] ---> Cipher Text[44c29a11cfbcbc694ef2c13ea5d809f81365a685bffbd2e0c73d3f87be70ceb3]
2021-03-05 16:23:09.129( /cubecompany/www/plugin/settle/pay_encryptParams.php : Line 70 ) : [PAYMENT20210305162307][AES256 Encrypt] trdAmt[1000] ---> [AntV/eDpxIaKF0hJiePDKA==]
2021-03-05 16:23:09.129( /cubecompany/www/plugin/settle/pay_encryptParams.php : Line 70 ) : [PAYMENT20210305162307][AES256 Encrypt] mchtCustNm[홍길동] ---> [M2/YpI49oqAKkAXaXmNezw==]
2021-03-05 16:23:09.130( /cubecompany/www/plugin/settle/pay_encryptParams.php : Line 70 ) : [PAYMENT20210305162307][AES256 Encrypt] email[test@test.test] ---> [dYagSD0db/K6BqwcPv8Ieg==]
2021-03-05 16:23:09.131( /cubecompany/www/plugin/settle/pay_encryptParams.php : Line 70 ) : [PAYMENT20210305162307][AES256 Encrypt] mchtCustId[HongGilDong] ---> [4BlwJh6L6mFJnDanaLsnoA==]
2021-03-05 16:25:30.714( /cubecompany/www/plugin/settle/pay_encryptParams.php : Line 52 ) : [PAYMENT20210305162307][SHA256 HASHING] Plain Text[nx_mid_ilcardPAYMENT20210305162307202103051623071000ST1009281328226982205] ---> Cipher Text[44c29a11cfbcbc694ef2c13ea5d809f81365a685bffbd2e0c73d3f87be70ceb3]
2021-03-05 16:25:30.715( /cubecompany/www/plugin/settle/pay_encryptParams.php : Line 70 ) : [PAYMENT20210305162307][AES256 Encrypt] trdAmt[1000] ---> [AntV/eDpxIaKF0hJiePDKA==]
2021-03-05 16:25:30.715( /cubecompany/www/plugin/settle/pay_encryptParams.php : Line 70 ) : [PAYMENT20210305162307][AES256 Encrypt] mchtCustNm[홍길동] ---> [M2/YpI49oqAKkAXaXmNezw==]
2021-03-05 16:25:30.716( /cubecompany/www/plugin/settle/pay_encryptParams.php : Line 70 ) : [PAYMENT20210305162307][AES256 Encrypt] email[test@test.test] ---> [dYagSD0db/K6BqwcPv8Ieg==]
2021-03-05 16:25:30.717( /cubecompany/www/plugin/settle/pay_encryptParams.php : Line 70 ) : [PAYMENT20210305162307][AES256 Encrypt] mchtCustId[HongGilDong] ---> [4BlwJh6L6mFJnDanaLsnoA==]
2021-03-05 16:26:01.989( /cubecompany/www/plugin/settle/pay_encryptParams.php : Line 52 ) : [PAYMENT20210305162307][SHA256 HASHING] Plain Text[nx_mid_ilcardPAYMENT20210305162307202103051623071000ST1009281328226982205] ---> Cipher Text[44c29a11cfbcbc694ef2c13ea5d809f81365a685bffbd2e0c73d3f87be70ceb3]
2021-03-05 16:26:01.990( /cubecompany/www/plugin/settle/pay_encryptParams.php : Line 70 ) : [PAYMENT20210305162307][AES256 Encrypt] trdAmt[1000] ---> [AntV/eDpxIaKF0hJiePDKA==]
2021-03-05 16:26:01.991( /cubecompany/www/plugin/settle/pay_encryptParams.php : Line 70 ) : [PAYMENT20210305162307][AES256 Encrypt] mchtCustNm[홍길동] ---> [M2/YpI49oqAKkAXaXmNezw==]
2021-03-05 16:26:01.991( /cubecompany/www/plugin/settle/pay_encryptParams.php : Line 70 ) : [PAYMENT20210305162307][AES256 Encrypt] email[test@test.test] ---> [dYagSD0db/K6BqwcPv8Ieg==]
2021-03-05 16:26:01.992( /cubecompany/www/plugin/settle/pay_encryptParams.php : Line 70 ) : [PAYMENT20210305162307][AES256 Encrypt] mchtCustId[HongGilDong] ---> [4BlwJh6L6mFJnDanaLsnoA==]
2021-03-05 16:26:05.181( /cubecompany/www/plugin/settle/pay_encryptParams.php : Line 52 ) : [PAYMENT20210305162307][SHA256 HASHING] Plain Text[nx_mid_ilbankPAYMENT20210305162307202103051623071000ST1009281328226982205] ---> Cipher Text[b5972b865fc6333f3f55c942e8075e8f9a07cec4e127d4ef6be3d489e6b4617a]
2021-03-05 16:26:05.182( /cubecompany/www/plugin/settle/pay_encryptParams.php : Line 70 ) : [PAYMENT20210305162307][AES256 Encrypt] trdAmt[1000] ---> [AntV/eDpxIaKF0hJiePDKA==]
2021-03-05 16:26:05.182( /cubecompany/www/plugin/settle/pay_encryptParams.php : Line 70 ) : [PAYMENT20210305162307][AES256 Encrypt] mchtCustNm[홍길동] ---> [M2/YpI49oqAKkAXaXmNezw==]
2021-03-05 16:26:05.183( /cubecompany/www/plugin/settle/pay_encryptParams.php : Line 70 ) : [PAYMENT20210305162307][AES256 Encrypt] email[test@test.test] ---> [dYagSD0db/K6BqwcPv8Ieg==]
2021-03-05 16:26:05.183( /cubecompany/www/plugin/settle/pay_encryptParams.php : Line 70 ) : [PAYMENT20210305162307][AES256 Encrypt] mchtCustId[HongGilDong] ---> [4BlwJh6L6mFJnDanaLsnoA==]
2021-03-05 16:26:26.413( /cubecompany/www/plugin/settle/pay_encryptParams.php : Line 52 ) : [PAYMENT20210305162307][SHA256 HASHING] Plain Text[nx_mid_ilvbankPAYMENT20210305162307202103051623071000ST1009281328226982205] ---> Cipher Text[1cc9d5c135e062f36cdb76e00bca0f114505f944652087227309023b1b7e2dc8]
2021-03-05 16:26:26.414( /cubecompany/www/plugin/settle/pay_encryptParams.php : Line 70 ) : [PAYMENT20210305162307][AES256 Encrypt] trdAmt[1000] ---> [AntV/eDpxIaKF0hJiePDKA==]
2021-03-05 16:26:26.415( /cubecompany/www/plugin/settle/pay_encryptParams.php : Line 70 ) : [PAYMENT20210305162307][AES256 Encrypt] mchtCustNm[홍길동] ---> [M2/YpI49oqAKkAXaXmNezw==]
2021-03-05 16:26:26.416( /cubecompany/www/plugin/settle/pay_encryptParams.php : Line 70 ) : [PAYMENT20210305162307][AES256 Encrypt] email[test@test.test] ---> [dYagSD0db/K6BqwcPv8Ieg==]
2021-03-05 16:26:26.416( /cubecompany/www/plugin/settle/pay_encryptParams.php : Line 70 ) : [PAYMENT20210305162307][AES256 Encrypt] mchtCustId[HongGilDong] ---> [4BlwJh6L6mFJnDanaLsnoA==]
2021-03-05 16:26:30.430( /cubecompany/www/plugin/settle/pay_encryptParams.php : Line 52 ) : [PAYMENT20210305162307][SHA256 HASHING] Plain Text[nx_mid_ilcardPAYMENT20210305162307202103051623071000ST1009281328226982205] ---> Cipher Text[44c29a11cfbcbc694ef2c13ea5d809f81365a685bffbd2e0c73d3f87be70ceb3]
2021-03-05 16:26:30.431( /cubecompany/www/plugin/settle/pay_encryptParams.php : Line 70 ) : [PAYMENT20210305162307][AES256 Encrypt] trdAmt[1000] ---> [AntV/eDpxIaKF0hJiePDKA==]
2021-03-05 16:26:30.432( /cubecompany/www/plugin/settle/pay_encryptParams.php : Line 70 ) : [PAYMENT20210305162307][AES256 Encrypt] mchtCustNm[홍길동] ---> [M2/YpI49oqAKkAXaXmNezw==]
2021-03-05 16:26:30.432( /cubecompany/www/plugin/settle/pay_encryptParams.php : Line 70 ) : [PAYMENT20210305162307][AES256 Encrypt] email[test@test.test] ---> [dYagSD0db/K6BqwcPv8Ieg==]
2021-03-05 16:26:30.433( /cubecompany/www/plugin/settle/pay_encryptParams.php : Line 70 ) : [PAYMENT20210305162307][AES256 Encrypt] mchtCustId[HongGilDong] ---> [4BlwJh6L6mFJnDanaLsnoA==]
2021-03-05 16:28:25.507( /cubecompany/www/shop/settle/pay_encryptParams.php : Line 52 ) : [PAYMENT20210305162823][SHA256 HASHING] Plain Text[nx_mid_ilcardPAYMENT20210305162823202103051628231000ST1009281328226982205] ---> Cipher Text[d37816ffb7358a5b80c69da6e4c214dbc126fa8c128ad3495d119e0366b8c655]
2021-03-05 16:28:25.508( /cubecompany/www/shop/settle/pay_encryptParams.php : Line 70 ) : [PAYMENT20210305162823][AES256 Encrypt] trdAmt[1000] ---> [AntV/eDpxIaKF0hJiePDKA==]
2021-03-05 16:28:25.508( /cubecompany/www/shop/settle/pay_encryptParams.php : Line 70 ) : [PAYMENT20210305162823][AES256 Encrypt] mchtCustNm[홍길동] ---> [M2/YpI49oqAKkAXaXmNezw==]
2021-03-05 16:28:25.509( /cubecompany/www/shop/settle/pay_encryptParams.php : Line 70 ) : [PAYMENT20210305162823][AES256 Encrypt] email[test@test.test] ---> [dYagSD0db/K6BqwcPv8Ieg==]
2021-03-05 16:28:25.510( /cubecompany/www/shop/settle/pay_encryptParams.php : Line 70 ) : [PAYMENT20210305162823][AES256 Encrypt] mchtCustId[HongGilDong] ---> [4BlwJh6L6mFJnDanaLsnoA==]
2021-03-05 16:29:50.442( /cubecompany/www/shop/settle/pay_encryptParams.php : Line 52 ) : [PAYMENT20210305162823][SHA256 HASHING] Plain Text[nxca_jt_ilcardPAYMENT20210305162823202103051628231000ST1009281328226982205] ---> Cipher Text[6f7d4b92f909036f521f070fd9355766243bb4728c70ff9c41b849eb3bed578f]
2021-03-05 16:29:50.443( /cubecompany/www/shop/settle/pay_encryptParams.php : Line 70 ) : [PAYMENT20210305162823][AES256 Encrypt] trdAmt[1000] ---> [AntV/eDpxIaKF0hJiePDKA==]
2021-03-05 16:29:50.444( /cubecompany/www/shop/settle/pay_encryptParams.php : Line 70 ) : [PAYMENT20210305162823][AES256 Encrypt] mchtCustNm[홍길동] ---> [M2/YpI49oqAKkAXaXmNezw==]
2021-03-05 16:29:50.444( /cubecompany/www/shop/settle/pay_encryptParams.php : Line 70 ) : [PAYMENT20210305162823][AES256 Encrypt] email[test@test.test] ---> [dYagSD0db/K6BqwcPv8Ieg==]
2021-03-05 16:29:50.445( /cubecompany/www/shop/settle/pay_encryptParams.php : Line 70 ) : [PAYMENT20210305162823][AES256 Encrypt] mchtCustId[HongGilDong] ---> [4BlwJh6L6mFJnDanaLsnoA==]
2021-03-05 17:39:15.192( /cubecompany/www/shop/settle/pay_encryptParams.php : Line 52 ) : [PAYMENT20210305173914][SHA256 HASHING] Plain Text[nxca_jt_ilcardPAYMENT20210305173914202103051739147500ST1009281328226982205] ---> Cipher Text[c88ae5548706df3c2dbf4e39c8c92dd817aba68fe3512c76c1e19ff61a44f393]
2021-03-05 17:39:15.193( /cubecompany/www/shop/settle/pay_encryptParams.php : Line 70 ) : [PAYMENT20210305173914][AES256 Encrypt] trdAmt[7500] ---> [zVuIeO1xdZkN1MTPisTsWw==]
2021-03-05 17:39:15.194( /cubecompany/www/shop/settle/pay_encryptParams.php : Line 70 ) : [PAYMENT20210305173914][AES256 Encrypt] mchtCustNm[관리자] ---> [WecHFhI20jNhsKwySsNWKg==]
2021-03-05 17:39:15.195( /cubecompany/www/shop/settle/pay_encryptParams.php : Line 70 ) : [PAYMENT20210305173914][AES256 Encrypt] email[aaa@aaa.com] ---> [uZ+Np/gRvuTybjB8DJuntg==]
2021-03-05 17:39:15.196( /cubecompany/www/shop/settle/pay_encryptParams.php : Line 70 ) : [PAYMENT20210305173914][AES256 Encrypt] mchtCustId[HongGilDong] ---> [4BlwJh6L6mFJnDanaLsnoA==]
2021-03-05 17:40:28.087( /cubecompany/www/shop/settle/pay_encryptParams.php : Line 52 ) : [PAYMENT20210305174026][SHA256 HASHING] Plain Text[nxca_jt_ilcardPAYMENT20210305174026202103051740267500ST1009281328226982205] ---> Cipher Text[19f3a75ddb5f9103eb5887c05af32e663a96452c7ccefd4277758693232701eb]
2021-03-05 17:40:28.088( /cubecompany/www/shop/settle/pay_encryptParams.php : Line 70 ) : [PAYMENT20210305174026][AES256 Encrypt] trdAmt[7500] ---> [zVuIeO1xdZkN1MTPisTsWw==]
2021-03-05 17:40:28.089( /cubecompany/www/shop/settle/pay_encryptParams.php : Line 70 ) : [PAYMENT20210305174026][AES256 Encrypt] mchtCustNm[관리자] ---> [WecHFhI20jNhsKwySsNWKg==]
2021-03-05 17:40:28.090( /cubecompany/www/shop/settle/pay_encryptParams.php : Line 70 ) : [PAYMENT20210305174026][AES256 Encrypt] email[aaa@aaa.com] ---> [uZ+Np/gRvuTybjB8DJuntg==]
2021-03-05 17:40:28.090( /cubecompany/www/shop/settle/pay_encryptParams.php : Line 70 ) : [PAYMENT20210305174026][AES256 Encrypt] mchtCustId[HongGilDong] ---> [4BlwJh6L6mFJnDanaLsnoA==]
2021-03-05 17:40:52.749( /cubecompany/www/shop/settle/pay_encryptParams.php : Line 52 ) : [PAYMENT20210305174026][SHA256 HASHING] Plain Text[nxca_jt_ilcardPAYMENT20210305174026202103051740267500ST1009281328226982205] ---> Cipher Text[19f3a75ddb5f9103eb5887c05af32e663a96452c7ccefd4277758693232701eb]
2021-03-05 17:40:52.750( /cubecompany/www/shop/settle/pay_encryptParams.php : Line 70 ) : [PAYMENT20210305174026][AES256 Encrypt] trdAmt[7500] ---> [zVuIeO1xdZkN1MTPisTsWw==]
2021-03-05 17:40:52.751( /cubecompany/www/shop/settle/pay_encryptParams.php : Line 70 ) : [PAYMENT20210305174026][AES256 Encrypt] mchtCustNm[관리자] ---> [WecHFhI20jNhsKwySsNWKg==]
2021-03-05 17:40:52.751( /cubecompany/www/shop/settle/pay_encryptParams.php : Line 70 ) : [PAYMENT20210305174026][AES256 Encrypt] email[aaa@aaa.com] ---> [uZ+Np/gRvuTybjB8DJuntg==]
2021-03-05 17:40:52.752( /cubecompany/www/shop/settle/pay_encryptParams.php : Line 70 ) : [PAYMENT20210305174026][AES256 Encrypt] mchtCustId[HongGilDong] ---> [4BlwJh6L6mFJnDanaLsnoA==]
2021-03-05 17:46:24.163( /cubecompany/www/shop/settle/pay_encryptParams.php : Line 52 ) : [PAYMENT20210305174609][SHA256 HASHING] Plain Text[nxca_jt_ilcardPAYMENT20210305174609202103051746097500ST1009281328226982205] ---> Cipher Text[dfb0af8d9e8e260bfaff636d42bfa740c4ab2143b1e6311f8dd1bbbce01f0129]
2021-03-05 17:46:24.164( /cubecompany/www/shop/settle/pay_encryptParams.php : Line 70 ) : [PAYMENT20210305174609][AES256 Encrypt] trdAmt[7500] ---> [zVuIeO1xdZkN1MTPisTsWw==]
2021-03-05 17:46:24.165( /cubecompany/www/shop/settle/pay_encryptParams.php : Line 70 ) : [PAYMENT20210305174609][AES256 Encrypt] mchtCustNm[관리자] ---> [WecHFhI20jNhsKwySsNWKg==]
2021-03-05 17:46:24.166( /cubecompany/www/shop/settle/pay_encryptParams.php : Line 70 ) : [PAYMENT20210305174609][AES256 Encrypt] email[aaa@aaa.com] ---> [uZ+Np/gRvuTybjB8DJuntg==]
2021-03-05 17:46:24.166( /cubecompany/www/shop/settle/pay_encryptParams.php : Line 70 ) : [PAYMENT20210305174609][AES256 Encrypt] mchtCustId[HongGilDong] ---> [4BlwJh6L6mFJnDanaLsnoA==]
2021-03-05 17:47:03.909( /cubecompany/www/shop/settle/pay_encryptParams.php : Line 52 ) : [PAYMENT20210305174702][SHA256 HASHING] Plain Text[nxca_jt_ilcardPAYMENT20210305174702202103051747021000ST1009281328226982205] ---> Cipher Text[af7470334f3ecef4dec2357a941dd61a96832b3652a03beaa03a0683f412e4a8]
2021-03-05 17:47:03.910( /cubecompany/www/shop/settle/pay_encryptParams.php : Line 70 ) : [PAYMENT20210305174702][AES256 Encrypt] trdAmt[1000] ---> [AntV/eDpxIaKF0hJiePDKA==]
2021-03-05 17:47:03.911( /cubecompany/www/shop/settle/pay_encryptParams.php : Line 70 ) : [PAYMENT20210305174702][AES256 Encrypt] mchtCustNm[관리자] ---> [WecHFhI20jNhsKwySsNWKg==]
2021-03-05 17:47:03.911( /cubecompany/www/shop/settle/pay_encryptParams.php : Line 70 ) : [PAYMENT20210305174702][AES256 Encrypt] email[aaa@aaa.com] ---> [uZ+Np/gRvuTybjB8DJuntg==]
2021-03-05 17:47:03.912( /cubecompany/www/shop/settle/pay_encryptParams.php : Line 70 ) : [PAYMENT20210305174702][AES256 Encrypt] mchtCustId[HongGilDong] ---> [4BlwJh6L6mFJnDanaLsnoA==]
2021-03-05 17:49:16.094( /cubecompany/www/shop/settle/pay_receiveResult.php : Line 60 ) : [PAYMENT20210305174702][AES256 Decrypt] mchtCustId[4BlwJh6L6mFJnDanaLsnoA==] ---> [HongGilDong]
2021-03-05 17:49:16.095( /cubecompany/www/shop/settle/pay_receiveResult.php : Line 60 ) : [PAYMENT20210305174702][AES256 Decrypt] trdAmt[AntV/eDpxIaKF0hJiePDKA==] ---> [1000]
2021-03-05 17:49:16.095( /cubecompany/www/shop/settle/pay_receiveResult.php : Line 60 ) : [PAYMENT20210305174702][AES256 Decrypt] cardTrdAmt[AntV/eDpxIaKF0hJiePDKA==] ---> [1000]
2021-03-05 17:49:16.096( /cubecompany/www/shop/settle/pay_receiveResult.php : Line 75 ) : [PAYMENT20210305174702][Response Data] mchtId(nxca_jt_il) outStatCd(0021) outRsltCd(0000) outRsltMsg(정상처리되었습니다) method(card) mchtTrdNo(PAYMENT20210305174702) mchtCustId(HongGilDong) trdNo(STFP_PGCAnxca_jt_il0210305174704M1627573) trdAmt(1000) mchtParam(상점 예약 필드) authDt(20210305174846) authNo(27847098) intMon(00) fnNm(현대카드) fnCd(HDC) pointTrdNo() pointTrdAmt() RtNowDiscountAmt() AlacDiscountAmt() cardTrdAmt(1000) vAcntNo() expireDt() cphoneNo() billkey() 
2021-03-05 17:53:22.764( /cubecompany/www/shop/settle/pay_encryptParams.php : Line 52 ) : [PAYMENT20210305175320][SHA256 HASHING] Plain Text[nxca_jt_ilcardPAYMENT20210305175320202103051753201000ST1009281328226982205] ---> Cipher Text[7377570877518fc2656bfb56d2a0e2b666ea356d2ff7ff75c5ad4b1d9037f38d]
2021-03-05 17:53:22.765( /cubecompany/www/shop/settle/pay_encryptParams.php : Line 70 ) : [PAYMENT20210305175320][AES256 Encrypt] trdAmt[1000] ---> [AntV/eDpxIaKF0hJiePDKA==]
2021-03-05 17:53:22.766( /cubecompany/www/shop/settle/pay_encryptParams.php : Line 70 ) : [PAYMENT20210305175320][AES256 Encrypt] mchtCustNm[케이스퀸] ---> [lRlpBi7w7yH/c6nK7JvzAg==]
2021-03-05 17:53:22.767( /cubecompany/www/shop/settle/pay_encryptParams.php : Line 70 ) : [PAYMENT20210305175320][AES256 Encrypt] email[dd@dd.com] ---> [j/HTywqAbuff2zduTxHBzw==]
2021-03-05 17:53:22.767( /cubecompany/www/shop/settle/pay_encryptParams.php : Line 70 ) : [PAYMENT20210305175320][AES256 Encrypt] mchtCustId[HongGilDong] ---> [4BlwJh6L6mFJnDanaLsnoA==]
2021-03-05 17:53:59.610( /cubecompany/www/shop/settle/pay_receiveResult.php : Line 60 ) : [PAYMENT20210305175320][AES256 Decrypt] mchtCustId[4BlwJh6L6mFJnDanaLsnoA==] ---> [HongGilDong]
2021-03-05 17:53:59.611( /cubecompany/www/shop/settle/pay_receiveResult.php : Line 60 ) : [PAYMENT20210305175320][AES256 Decrypt] trdAmt[AntV/eDpxIaKF0hJiePDKA==] ---> [1000]
2021-03-05 17:53:59.611( /cubecompany/www/shop/settle/pay_receiveResult.php : Line 60 ) : [PAYMENT20210305175320][AES256 Decrypt] cardTrdAmt[AntV/eDpxIaKF0hJiePDKA==] ---> [1000]
2021-03-05 17:53:59.612( /cubecompany/www/shop/settle/pay_receiveResult.php : Line 75 ) : [PAYMENT20210305175320][Response Data] mchtId(nxca_jt_il) outStatCd(0021) outRsltCd(0000) outRsltMsg(정상처리되었습니다) method(card) mchtTrdNo(PAYMENT20210305175320) mchtCustId(HongGilDong) trdNo(STFP_PGCAnxca_jt_il0210305175323M1485726) trdAmt(1000) mchtParam(상점 예약 필드) authDt(20210305175347) authNo(27347820) intMon(00) fnNm(현대카드) fnCd(HDC) pointTrdNo() pointTrdAmt() RtNowDiscountAmt() AlacDiscountAmt() cardTrdAmt(1000) vAcntNo() expireDt() cphoneNo() billkey() 
2021-03-05 17:54:47.532( /cubecompany/www/shop/settle/pay_encryptParams.php : Line 52 ) : [PAYMENT20210305175446][SHA256 HASHING] Plain Text[nxca_jt_ilcardPAYMENT20210305175446202103051754461000ST1009281328226982205] ---> Cipher Text[b1139d275192cee08539a77e945985362c38ccd0ec600a51866336c6f9bc7ee2]
2021-03-05 17:54:47.533( /cubecompany/www/shop/settle/pay_encryptParams.php : Line 70 ) : [PAYMENT20210305175446][AES256 Encrypt] trdAmt[1000] ---> [AntV/eDpxIaKF0hJiePDKA==]
2021-03-05 17:54:47.534( /cubecompany/www/shop/settle/pay_encryptParams.php : Line 70 ) : [PAYMENT20210305175446][AES256 Encrypt] mchtCustNm[케이스퀸] ---> [lRlpBi7w7yH/c6nK7JvzAg==]
2021-03-05 17:54:47.534( /cubecompany/www/shop/settle/pay_encryptParams.php : Line 70 ) : [PAYMENT20210305175446][AES256 Encrypt] email[dd@dd.com] ---> [j/HTywqAbuff2zduTxHBzw==]
2021-03-05 17:54:47.535( /cubecompany/www/shop/settle/pay_encryptParams.php : Line 70 ) : [PAYMENT20210305175446][AES256 Encrypt] mchtCustId[HongGilDong] ---> [4BlwJh6L6mFJnDanaLsnoA==]
2021-03-05 17:55:17.112( /cubecompany/www/shop/settle/pay_receiveResult.php : Line 60 ) : [PAYMENT20210305175446][AES256 Decrypt] mchtCustId[4BlwJh6L6mFJnDanaLsnoA==] ---> [HongGilDong]
2021-03-05 17:55:17.113( /cubecompany/www/shop/settle/pay_receiveResult.php : Line 60 ) : [PAYMENT20210305175446][AES256 Decrypt] trdAmt[AntV/eDpxIaKF0hJiePDKA==] ---> [1000]
2021-03-05 17:55:17.113( /cubecompany/www/shop/settle/pay_receiveResult.php : Line 60 ) : [PAYMENT20210305175446][AES256 Decrypt] cardTrdAmt[AntV/eDpxIaKF0hJiePDKA==] ---> [1000]
2021-03-05 17:55:17.114( /cubecompany/www/shop/settle/pay_receiveResult.php : Line 75 ) : [PAYMENT20210305175446][Response Data] mchtId(nxca_jt_il) outStatCd(0021) outRsltCd(0000) outRsltMsg(정상처리되었습니다) method(card) mchtTrdNo(PAYMENT20210305175446) mchtCustId(HongGilDong) trdNo(STFP_PGCAnxca_jt_il0210305175448M1249693) trdAmt(1000) mchtParam(상점 예약 필드) authDt(20210305175509) authNo(27510009) intMon(00) fnNm(현대카드) fnCd(HDC) pointTrdNo() pointTrdAmt() RtNowDiscountAmt() AlacDiscountAmt() cardTrdAmt(1000) vAcntNo() expireDt() cphoneNo() billkey() 
2021-03-05 17:59:40.175( /cubecompany/www/shop/settle/pay_encryptParams.php : Line 52 ) : [PAYMENT20210305175939][SHA256 HASHING] Plain Text[nxca_jt_ilcardPAYMENT20210305175939202103051759391000ST1009281328226982205] ---> Cipher Text[b8d8b1e29b8f502d1d5d7c2b79afa021ca859ddfa2be1bf2e5e30ebda5ca7a3a]
2021-03-05 17:59:40.176( /cubecompany/www/shop/settle/pay_encryptParams.php : Line 70 ) : [PAYMENT20210305175939][AES256 Encrypt] trdAmt[1000] ---> [AntV/eDpxIaKF0hJiePDKA==]
2021-03-05 17:59:40.176( /cubecompany/www/shop/settle/pay_encryptParams.php : Line 70 ) : [PAYMENT20210305175939][AES256 Encrypt] mchtCustNm[케이스퀸] ---> [lRlpBi7w7yH/c6nK7JvzAg==]
2021-03-05 17:59:40.177( /cubecompany/www/shop/settle/pay_encryptParams.php : Line 70 ) : [PAYMENT20210305175939][AES256 Encrypt] email[dd@dd.com] ---> [j/HTywqAbuff2zduTxHBzw==]
2021-03-05 17:59:40.178( /cubecompany/www/shop/settle/pay_encryptParams.php : Line 70 ) : [PAYMENT20210305175939][AES256 Encrypt] mchtCustId[HongGilDong] ---> [4BlwJh6L6mFJnDanaLsnoA==]
2021-03-05 17:59:44.550( /cubecompany/www/shop/settle/pay_encryptParams.php : Line 52 ) : [PAYMENT20210305175939][SHA256 HASHING] Plain Text[nxca_jt_ilcardPAYMENT20210305175939202103051759391000ST1009281328226982205] ---> Cipher Text[b8d8b1e29b8f502d1d5d7c2b79afa021ca859ddfa2be1bf2e5e30ebda5ca7a3a]
2021-03-05 17:59:44.551( /cubecompany/www/shop/settle/pay_encryptParams.php : Line 70 ) : [PAYMENT20210305175939][AES256 Encrypt] trdAmt[1000] ---> [AntV/eDpxIaKF0hJiePDKA==]
2021-03-05 17:59:44.551( /cubecompany/www/shop/settle/pay_encryptParams.php : Line 70 ) : [PAYMENT20210305175939][AES256 Encrypt] mchtCustNm[케이스퀸] ---> [lRlpBi7w7yH/c6nK7JvzAg==]
2021-03-05 17:59:44.552( /cubecompany/www/shop/settle/pay_encryptParams.php : Line 70 ) : [PAYMENT20210305175939][AES256 Encrypt] email[dd@dd.com] ---> [j/HTywqAbuff2zduTxHBzw==]
2021-03-05 17:59:44.553( /cubecompany/www/shop/settle/pay_encryptParams.php : Line 70 ) : [PAYMENT20210305175939][AES256 Encrypt] mchtCustId[HongGilDong] ---> [4BlwJh6L6mFJnDanaLsnoA==]
2021-03-05 18:05:23.369( /cubecompany/www/shop/settle/pay_encryptParams.php : Line 52 ) : [PAYMENT20210305180522][SHA256 HASHING] Plain Text[nxca_jt_ilcardPAYMENT20210305180522202103051805221000ST1009281328226982205] ---> Cipher Text[641dea2818b946c4f435000264ec4f0c91dc34bbb8cf430ce1ee55781575d36c]
2021-03-05 18:05:23.370( /cubecompany/www/shop/settle/pay_encryptParams.php : Line 70 ) : [PAYMENT20210305180522][AES256 Encrypt] trdAmt[1000] ---> [AntV/eDpxIaKF0hJiePDKA==]
2021-03-05 18:05:23.370( /cubecompany/www/shop/settle/pay_encryptParams.php : Line 70 ) : [PAYMENT20210305180522][AES256 Encrypt] mchtCustNm[케이스퀸] ---> [lRlpBi7w7yH/c6nK7JvzAg==]
2021-03-05 18:05:23.371( /cubecompany/www/shop/settle/pay_encryptParams.php : Line 70 ) : [PAYMENT20210305180522][AES256 Encrypt] email[dd@dd.com] ---> [j/HTywqAbuff2zduTxHBzw==]
2021-03-05 18:05:23.372( /cubecompany/www/shop/settle/pay_encryptParams.php : Line 70 ) : [PAYMENT20210305180522][AES256 Encrypt] mchtCustId[HongGilDong] ---> [4BlwJh6L6mFJnDanaLsnoA==]
2021-03-05 18:06:00.455( /cubecompany/www/shop/settle/pay_receiveResult.php : Line 60 ) : [PAYMENT20210305180522][AES256 Decrypt] mchtCustId[4BlwJh6L6mFJnDanaLsnoA==] ---> [HongGilDong]
2021-03-05 18:06:00.456( /cubecompany/www/shop/settle/pay_receiveResult.php : Line 60 ) : [PAYMENT20210305180522][AES256 Decrypt] trdAmt[AntV/eDpxIaKF0hJiePDKA==] ---> [1000]
2021-03-05 18:06:00.456( /cubecompany/www/shop/settle/pay_receiveResult.php : Line 60 ) : [PAYMENT20210305180522][AES256 Decrypt] cardTrdAmt[AntV/eDpxIaKF0hJiePDKA==] ---> [1000]
2021-03-05 18:06:00.457( /cubecompany/www/shop/settle/pay_receiveResult.php : Line 75 ) : [PAYMENT20210305180522][Response Data] mchtId(nxca_jt_il) outStatCd(0021) outRsltCd(0000) outRsltMsg(정상처리되었습니다) method(card) mchtTrdNo(PAYMENT20210305180522) mchtCustId(HongGilDong) trdNo(STFP_PGCAnxca_jt_il0210305180524M1105969) trdAmt(1000) mchtParam(상점 예약 필드) authDt(20210305180555) authNo(27556066) intMon(00) fnNm(현대카드) fnCd(HDC) pointTrdNo() pointTrdAmt() RtNowDiscountAmt() AlacDiscountAmt() cardTrdAmt(1000) vAcntNo() expireDt() cphoneNo() billkey() 
2021-03-05 18:11:01.550( /cubecompany/www/shop/settle/pay_encryptParams.php : Line 52 ) : [PAYMENT20210305181100][SHA256 HASHING] Plain Text[nxca_jt_ilcardPAYMENT20210305181100202103051811001000ST1009281328226982205] ---> Cipher Text[7ef3c722905d281dcd7fa251d7fc114d51b464b7e2b3c085622cd0b545cf6a66]
2021-03-05 18:11:01.551( /cubecompany/www/shop/settle/pay_encryptParams.php : Line 70 ) : [PAYMENT20210305181100][AES256 Encrypt] trdAmt[1000] ---> [AntV/eDpxIaKF0hJiePDKA==]
2021-03-05 18:11:01.551( /cubecompany/www/shop/settle/pay_encryptParams.php : Line 70 ) : [PAYMENT20210305181100][AES256 Encrypt] mchtCustNm[케이스퀸] ---> [lRlpBi7w7yH/c6nK7JvzAg==]
2021-03-05 18:11:01.552( /cubecompany/www/shop/settle/pay_encryptParams.php : Line 70 ) : [PAYMENT20210305181100][AES256 Encrypt] email[dd@dd.com] ---> [j/HTywqAbuff2zduTxHBzw==]
2021-03-05 18:11:30.133( /cubecompany/www/shop/settle/pay_receiveResult.php : Line 60 ) : [PAYMENT20210305181100][AES256 Decrypt] trdAmt[AntV/eDpxIaKF0hJiePDKA==] ---> [1000]
2021-03-05 18:11:30.133( /cubecompany/www/shop/settle/pay_receiveResult.php : Line 60 ) : [PAYMENT20210305181100][AES256 Decrypt] cardTrdAmt[AntV/eDpxIaKF0hJiePDKA==] ---> [1000]
2021-03-05 18:11:30.134( /cubecompany/www/shop/settle/pay_receiveResult.php : Line 75 ) : [PAYMENT20210305181100][Response Data] mchtId(nxca_jt_il) outStatCd(0021) outRsltCd(0000) outRsltMsg(정상처리되었습니다) method(card) mchtTrdNo(PAYMENT20210305181100) mchtCustId() trdNo(STFP_PGCAnxca_jt_il0210305181102M1245048) trdAmt(1000) mchtParam(21030518105341) authDt(20210305181127) authNo(27127918) intMon(00) fnNm(현대카드) fnCd(HDC) pointTrdNo() pointTrdAmt() RtNowDiscountAmt() AlacDiscountAmt() cardTrdAmt(1000) vAcntNo() expireDt() cphoneNo() billkey() 
2021-03-05 18:13:03.113( /cubecompany/www/shop/settle/pay_encryptParams.php : Line 52 ) : [PAYMENT20210305181301][SHA256 HASHING] Plain Text[nxca_jt_ilcardPAYMENT20210305181301202103051813011000ST1009281328226982205] ---> Cipher Text[8009052d10b4d6e151abea85ec9923c31d30f439f8a2e384a10bb4b6decd2a2a]
2021-03-05 18:13:03.113( /cubecompany/www/shop/settle/pay_encryptParams.php : Line 70 ) : [PAYMENT20210305181301][AES256 Encrypt] trdAmt[1000] ---> [AntV/eDpxIaKF0hJiePDKA==]
2021-03-05 18:13:03.114( /cubecompany/www/shop/settle/pay_encryptParams.php : Line 70 ) : [PAYMENT20210305181301][AES256 Encrypt] mchtCustNm[케이스퀸] ---> [lRlpBi7w7yH/c6nK7JvzAg==]
2021-03-05 18:13:03.115( /cubecompany/www/shop/settle/pay_encryptParams.php : Line 70 ) : [PAYMENT20210305181301][AES256 Encrypt] email[dd@dd.com] ---> [j/HTywqAbuff2zduTxHBzw==]
2021-03-05 18:13:31.013( /cubecompany/www/shop/settle/pay_receiveResult.php : Line 60 ) : [PAYMENT20210305181301][AES256 Decrypt] trdAmt[AntV/eDpxIaKF0hJiePDKA==] ---> [1000]
2021-03-05 18:13:31.014( /cubecompany/www/shop/settle/pay_receiveResult.php : Line 60 ) : [PAYMENT20210305181301][AES256 Decrypt] cardTrdAmt[AntV/eDpxIaKF0hJiePDKA==] ---> [1000]
2021-03-05 18:13:31.015( /cubecompany/www/shop/settle/pay_receiveResult.php : Line 75 ) : [PAYMENT20210305181301][Response Data] mchtId(nxca_jt_il) outStatCd(0021) outRsltCd(0000) outRsltMsg(정상처리되었습니다) method(card) mchtTrdNo(PAYMENT20210305181301) mchtCustId() trdNo(STFP_PGCAnxca_jt_il0210305181303M1800856) trdAmt(1000) mchtParam(21030518125503) authDt(20210305181328) authNo(27328378) intMon(00) fnNm(현대카드) fnCd(HDC) pointTrdNo() pointTrdAmt() RtNowDiscountAmt() AlacDiscountAmt() cardTrdAmt(1000) vAcntNo() expireDt() cphoneNo() billkey() 
2021-03-05 18:15:11.734( /cubecompany/www/shop/settle/pay_encryptParams.php : Line 52 ) : [PAYMENT20210305181510][SHA256 HASHING] Plain Text[nxca_jt_ilcardPAYMENT20210305181510202103051815101000ST1009281328226982205] ---> Cipher Text[e30a85f95da4d9499698164fa49cf32ee932c8286f3583366b55a13d55517d6c]
2021-03-05 18:15:11.735( /cubecompany/www/shop/settle/pay_encryptParams.php : Line 70 ) : [PAYMENT20210305181510][AES256 Encrypt] trdAmt[1000] ---> [AntV/eDpxIaKF0hJiePDKA==]
2021-03-05 18:15:11.735( /cubecompany/www/shop/settle/pay_encryptParams.php : Line 70 ) : [PAYMENT20210305181510][AES256 Encrypt] mchtCustNm[케이스퀸] ---> [lRlpBi7w7yH/c6nK7JvzAg==]
2021-03-05 18:15:11.736( /cubecompany/www/shop/settle/pay_encryptParams.php : Line 70 ) : [PAYMENT20210305181510][AES256 Encrypt] email[dd@dd.com] ---> [j/HTywqAbuff2zduTxHBzw==]
2021-03-05 18:15:11.737( /cubecompany/www/shop/settle/pay_encryptParams.php : Line 70 ) : [PAYMENT20210305181510][AES256 Encrypt] mchtCustId[gong] ---> [tmgsHDX2ElTwkb6RzFsxeA==]
2021-03-05 18:15:45.780( /cubecompany/www/shop/settle/pay_receiveResult.php : Line 60 ) : [PAYMENT20210305181510][AES256 Decrypt] mchtCustId[tmgsHDX2ElTwkb6RzFsxeA==] ---> [gong]
2021-03-05 18:15:45.781( /cubecompany/www/shop/settle/pay_receiveResult.php : Line 60 ) : [PAYMENT20210305181510][AES256 Decrypt] trdAmt[AntV/eDpxIaKF0hJiePDKA==] ---> [1000]
2021-03-05 18:15:45.781( /cubecompany/www/shop/settle/pay_receiveResult.php : Line 60 ) : [PAYMENT20210305181510][AES256 Decrypt] cardTrdAmt[AntV/eDpxIaKF0hJiePDKA==] ---> [1000]
2021-03-05 18:15:45.782( /cubecompany/www/shop/settle/pay_receiveResult.php : Line 75 ) : [PAYMENT20210305181510][Response Data] mchtId(nxca_jt_il) outStatCd(0021) outRsltCd(0000) outRsltMsg(정상처리되었습니다) method(card) mchtTrdNo(PAYMENT20210305181510) mchtCustId(gong) trdNo(STFP_PGCAnxca_jt_il0210305181512M1465956) trdAmt(1000) mchtParam(21030518150436) authDt(20210305181534) authNo(27534337) intMon(00) fnNm(현대카드) fnCd(HDC) pointTrdNo() pointTrdAmt() RtNowDiscountAmt() AlacDiscountAmt() cardTrdAmt(1000) vAcntNo() expireDt() cphoneNo() billkey() 
2021-03-05 18:28:40.605( /cubecompany/www/shop/settle/pay_encryptParams.php : Line 52 ) : [PAYMENT20210305182839][SHA256 HASHING] Plain Text[nxca_jt_ilcardPAYMENT20210305182839202103051828399260ST1009281328226982205] ---> Cipher Text[3ecb05fb3ae505c7848bd6fb283d7e46f4e3c2ad53544b215a829e0b2301af5d]
2021-03-05 18:28:40.605( /cubecompany/www/shop/settle/pay_encryptParams.php : Line 70 ) : [PAYMENT20210305182839][AES256 Encrypt] trdAmt[9260] ---> [yWsBAQhUEL2rBEUZ6cuwiA==]
2021-03-05 18:28:40.606( /cubecompany/www/shop/settle/pay_encryptParams.php : Line 70 ) : [PAYMENT20210305182839][AES256 Encrypt] mchtCustNm[케이스퀸] ---> [lRlpBi7w7yH/c6nK7JvzAg==]
2021-03-05 18:28:40.607( /cubecompany/www/shop/settle/pay_encryptParams.php : Line 70 ) : [PAYMENT20210305182839][AES256 Encrypt] cphoneNo[01000000000] ---> [rWHLYPJ/59qeQRRSFIKZIg==]
2021-03-05 18:28:40.607( /cubecompany/www/shop/settle/pay_encryptParams.php : Line 70 ) : [PAYMENT20210305182839][AES256 Encrypt] email[dd@dd.com] ---> [j/HTywqAbuff2zduTxHBzw==]
2021-03-05 18:28:40.608( /cubecompany/www/shop/settle/pay_encryptParams.php : Line 70 ) : [PAYMENT20210305182839][AES256 Encrypt] mchtCustId[gong] ---> [tmgsHDX2ElTwkb6RzFsxeA==]
2021-03-05 18:29:28.425( /cubecompany/www/shop/settle/pay_receiveResult.php : Line 60 ) : [PAYMENT20210305182839][AES256 Decrypt] mchtCustId[tmgsHDX2ElTwkb6RzFsxeA==] ---> [gong]
2021-03-05 18:29:28.425( /cubecompany/www/shop/settle/pay_receiveResult.php : Line 60 ) : [PAYMENT20210305182839][AES256 Decrypt] trdAmt[yWsBAQhUEL2rBEUZ6cuwiA==] ---> [9260]
2021-03-05 18:29:28.426( /cubecompany/www/shop/settle/pay_receiveResult.php : Line 60 ) : [PAYMENT20210305182839][AES256 Decrypt] cardTrdAmt[yWsBAQhUEL2rBEUZ6cuwiA==] ---> [9260]
2021-03-05 18:29:28.427( /cubecompany/www/shop/settle/pay_receiveResult.php : Line 75 ) : [PAYMENT20210305182839][Response Data] mchtId(nxca_jt_il) outStatCd(0021) outRsltCd(0000) outRsltMsg(정상처리되었습니다) method(card) mchtTrdNo(PAYMENT20210305182839) mchtCustId(gong) trdNo(STFP_PGCAnxca_jt_il0210305182841M1354925) trdAmt(9260) mchtParam(21030518283165) authDt(20210305182925) authNo(27925382) intMon(00) fnNm(현대카드) fnCd(HDC) pointTrdNo() pointTrdAmt() RtNowDiscountAmt() AlacDiscountAmt() cardTrdAmt(9260) vAcntNo() expireDt() cphoneNo() billkey() 
